Archive Project report for circuito_jogo_base
Wed Feb 15 12:26:07 2023
Quartus Prime Version 20.1.1 Build 720 11/11/2020 SJ Lite Edition


---------------------
; Table of Contents ;
---------------------
  1. Legal Notice
  2. Archive Project Summary
  3. Archive Project Messages
  4. Files Archived



----------------
; Legal Notice ;
----------------
Copyright (C) 2020  Intel Corporation. All rights reserved.
Your use of Intel Corporation's design tools, logic functions 
and other software and tools, and any partner logic 
functions, and any output files from any of the foregoing 
(including device programming or simulation files), and any 
associated documentation or information are expressly subject 
to the terms and conditions of the Intel Program License 
Subscription Agreement, the Intel Quartus Prime License Agreement,
the Intel FPGA IP License Agreement, or other applicable license
agreement, including, without limitation, that your use is for
the sole purpose of programming logic devices manufactured by
Intel and sold by Intel or its authorized distributors.  Please
refer to the applicable agreement for further details, at
https://fpgasoftware.intel.com/eula.



+----------------------------------------------------------------+
; Archive Project Summary                                        ;
+------------------------+---------------------------------------+
; Archive Project Status ; Successful - Wed Feb 15 12:26:07 2023 ;
; Revision Name          ; circuito_jogo_base                    ;
; Top-level Entity Name  ; circuito_jogo_base                    ;
; Family                 ; Cyclone V                             ;
+------------------------+---------------------------------------+


+--------------------------+
; Archive Project Messages ;
+--------------------------+
Info: Archive will store files relative to the closest common parent directory
Info (13213): Using common directory C:/Projetos/T2BA3/Exp5/PCS3635-T2BA3-exp5/quartus-desafio/
Info: ----------------------------------------------------------
Info: ----------------------------------------------------------
Info: Generated archive 'C:/Projetos/T2BA3/Exp5/PCS3635-T2BA3-exp5/quartus-desafio/exp5_T2BA3_desafio.qar'
Info: ----------------------------------------------------------
Info: ----------------------------------------------------------
Info: Generated report 'circuito_jogo_base.archive.rpt'
Info (23030): Evaluation of Tcl script c:/intelfpga_lite/20.1/quartus/common/tcl/apps/qpm/qar.tcl was successful
Info: Quartus Prime Shell was successful. 0 errors, 0 warnings
    Info: Peak virtual memory: 4821 megabytes
    Info: Processing ended: Wed Feb 15 12:26:07 2023
    Info: Elapsed time: 00:00:01
    Info: Total CPU time (on all processors): 00:00:01


+--------------------------------------------------------------+
; Files Archived                                               ;
+--------------------------------------------------------------+
; File Name                                                    ;
+--------------------------------------------------------------+
; c:/intelfpga_lite/20.1/quartus/bin64/assignment_defaults.qdf ;
; circuito_jogo_base.qpf                                       ;
; circuito_jogo_base.qsf                                       ;
; circuito_jogo_base.vhd                                       ;
; comparador_85.vhd                                            ;
; contador_163.vhd                                             ;
; contador_m.vhd                                               ;
; edge_detector.vhd                                            ;
; fluxo_dados.vhd                                              ;
; hexa7seg.vhd                                                 ;
; mux_2x1.vhd                                                  ;
; ram_16x4.vhd                                                 ;
; ram_conteudo_jogadas.mif                                     ;
; registrador_n.vhd                                            ;
; unidade_controle.vhd                                         ;
+--------------------------------------------------------------+


